c:\users\game\desktop\新しいフォルダー (2)\☆い\debug\vc141.pdb
c:\users\game\desktop\新しいフォルダー (2)\☆い\debug\vc141.idb
c:\users\game\desktop\新しいフォルダー (2)\☆い\debug\taskbase.obj
c:\users\game\desktop\新しいフォルダー (2)\☆い\debug\my.obj
c:\users\game\desktop\新しいフォルダー (2)\☆い\debug\cgdm.obj
c:\users\game\desktop\新しいフォルダー (2)\☆い\debug\meteogenerator.obj
c:\users\game\desktop\新しいフォルダー (2)\☆い\debug\meteo.obj
c:\users\game\desktop\新しいフォルダー (2)\☆い\debug\jupitor.obj
c:\users\game\desktop\新しいフォルダー (2)\☆い\debug\gameinit.obj
c:\users\game\desktop\新しいフォルダー (2)\☆い\debug\game.obj
c:\users\game\desktop\新しいフォルダー (2)\☆い\debug\fragmentgenerator.obj
c:\users\game\desktop\新しいフォルダー (2)\☆い\debug\fragment.obj
c:\users\game\desktop\新しいフォルダー (2)\☆い\debug\cursor.obj
c:\users\game\desktop\新しいフォルダー (2)\☆い\debug\breakstargenerator.obj
c:\users\game\desktop\新しいフォルダー (2)\☆い\debug\breakstar.obj
c:\users\game\desktop\新しいフォルダー (2)\☆い\debug\blackholegenerator.obj
c:\users\game\desktop\新しいフォルダー (2)\☆い\debug\blackhole.obj
c:\users\game\desktop\新しいフォルダー (2)\☆い\debug\beamgenerator.obj
c:\users\game\desktop\新しいフォルダー (2)\☆い\debug\beam.obj
c:\users\game\desktop\新しいフォルダー (2)\☆い\debug\back.obj
c:\users\game\desktop\新しいフォルダー (2)\☆い\debug\aliengenerator.obj
c:\users\game\desktop\新しいフォルダー (2)\☆い\debug\alien.obj
c:\users\game\desktop\新しいフォルダー (2)\☆い\debug\stageselect.obj
c:\users\game\desktop\新しいフォルダー (2)\☆い\debug\stagemanager.obj
c:\users\game\desktop\新しいフォルダー (2)\☆い\debug\stage5-3.obj
c:\users\game\desktop\新しいフォルダー (2)\☆い\debug\stage5-2.obj
c:\users\game\desktop\新しいフォルダー (2)\☆い\debug\stage5-1.obj
c:\users\game\desktop\新しいフォルダー (2)\☆い\debug\stage4-3.obj
c:\users\game\desktop\新しいフォルダー (2)\☆い\debug\stage4-2.obj
c:\users\game\desktop\新しいフォルダー (2)\☆い\debug\stage4-1.obj
c:\users\game\desktop\新しいフォルダー (2)\☆い\debug\stage3-3.obj
c:\users\game\desktop\新しいフォルダー (2)\☆い\debug\stage3-2.obj
c:\users\game\desktop\新しいフォルダー (2)\☆い\debug\stage3-1.obj
c:\users\game\desktop\新しいフォルダー (2)\☆い\debug\stage2-3.obj
c:\users\game\desktop\新しいフォルダー (2)\☆い\debug\stage2-2.obj
c:\users\game\desktop\新しいフォルダー (2)\☆い\debug\stage2-1.obj
c:\users\game\desktop\新しいフォルダー (2)\☆い\debug\stage1-3.obj
c:\users\game\desktop\新しいフォルダー (2)\☆い\debug\stage1-2.obj
c:\users\game\desktop\新しいフォルダー (2)\☆い\debug\stage1-1.obj
c:\users\game\desktop\新しいフォルダー (2)\☆い\debug\player.obj
c:\users\game\desktop\新しいフォルダー (2)\☆い\debug\neptune.obj
c:\users\game\desktop\新しいフォルダー (2)\☆い\debug\mywinmain.obj
c:\users\game\desktop\新しいフォルダー (2)\☆い\debug\winprog.obj
c:\users\game\desktop\新しいフォルダー (2)\☆い\debug\title.obj
c:\users\game\desktop\新しいフォルダー (2)\☆い\debug\sturn.obj
c:\users\game\desktop\新しいフォルダー (2)\☆い\debug\stargenerator.obj
c:\users\game\desktop\新しいフォルダー (2)\☆い\debug\star.obj
c:\users\game\desktop\新しいフォルダー (2)\☆い\debug\stageselectobjus.obj
c:\users\game\desktop\新しいフォルダー (2)\☆い\debug\stageselectobjgalaxy.obj
c:\users\game\desktop\新しいフォルダー (2)\☆い\debug\stageselectobjearth.obj
c:\users\game\desktop\新しいフォルダー (2)\☆い\debug\stageselectobjbh.obj
c:\users\game\desktop\新しいフォルダー (2)\☆い\debug\stageselectobjasteroid.obj
c:\users\game\desktop\新しいフォルダー (2)\debug\☆い.ilk
c:\users\game\desktop\新しいフォルダー (2)\debug\☆い.exe
c:\users\game\desktop\新しいフォルダー (2)\debug\☆い.pdb
c:\users\game\desktop\新しいフォルダー (2)\☆い\debug\☆い.res
c:\users\game\desktop\新しいフォルダー (2)\☆い\debug\☆い.tlog\cl.command.1.tlog
c:\users\game\desktop\新しいフォルダー (2)\☆い\debug\☆い.tlog\cl.read.1.tlog
c:\users\game\desktop\新しいフォルダー (2)\☆い\debug\☆い.tlog\cl.write.1.tlog
c:\users\game\desktop\新しいフォルダー (2)\☆い\debug\☆い.tlog\link.command.1.tlog
c:\users\game\desktop\新しいフォルダー (2)\☆い\debug\☆い.tlog\link.read.1.tlog
c:\users\game\desktop\新しいフォルダー (2)\☆い\debug\☆い.tlog\link.write.1.tlog
c:\users\game\desktop\新しいフォルダー (2)\☆い\debug\☆い.tlog\rc.command.1.tlog
c:\users\game\desktop\新しいフォルダー (2)\☆い\debug\☆い.tlog\rc.read.1.tlog
c:\users\game\desktop\新しいフォルダー (2)\☆い\debug\☆い.tlog\rc.write.1.tlog
