  Alien.cpp
  AlienGenerator.cpp
  Back.cpp
  Beam.cpp
  BeamGenerator.cpp
  BlackHole.cpp
  BlackHoleGenerator.cpp
  BreakStar.cpp
  BreakStarGenerator.cpp
  Cursor.cpp
  Fragment.cpp
  FragmentGenerator.cpp
  Game.cpp
  GameInit.cpp
  Jupitor.cpp
  Meteo.cpp
  MeteoGenerator.cpp
  CGDM.cpp
  My.cpp
  TaskBase.cpp
  コードを生成中...
  コンパイル中...
  MyWinMain.cpp
  Neptune.cpp
  Player.cpp
  Stage1-1.cpp
  Stage1-2.cpp
  Stage1-3.cpp
  Stage2-1.cpp
  Stage2-2.cpp
  Stage2-3.cpp
  Stage3-1.cpp
  Stage3-2.cpp
  Stage3-3.cpp
  Stage4-1.cpp
  Stage4-2.cpp
  Stage4-3.cpp
  Stage5-1.cpp
  Stage5-2.cpp
  Stage5-3.cpp
  StageManager.cpp
  StageSelect.cpp
  コードを生成中...
  コンパイル中...
  StageSelectObjAsteroid.cpp
  StageSelectObjBH.cpp
  StageSelectObjEarth.cpp
  StageSelectObjGalaxy.cpp
  StageSelectObjUS.cpp
  Star.cpp
  StarGenerator.cpp
  Sturn.cpp
  Title.cpp
  WinProg.cpp
  コードを生成中...
  ☆い.vcxproj -> C:\Users\game\Desktop\新しいフォルダー (2)\Debug\☆い.exe
